c:\users\nongn\source\repos\newsfml\sfml_104\x64\debug\vc142.pdb
c:\users\nongn\source\repos\newsfml\sfml_104\x64\debug\vc142.idb
c:\users\nongn\source\repos\newsfml\sfml_104\x64\debug\player.obj
c:\users\nongn\source\repos\newsfml\sfml_104\x64\debug\platform.obj
c:\users\nongn\source\repos\newsfml\sfml_104\x64\debug\pause.obj
c:\users\nongn\source\repos\newsfml\sfml_104\x64\debug\menu.obj
c:\users\nongn\source\repos\newsfml\sfml_104\x64\debug\main.obj
c:\users\nongn\source\repos\newsfml\sfml_104\x64\debug\hitboxcomponent.obj
c:\users\nongn\source\repos\newsfml\sfml_104\x64\debug\enemy.obj
c:\users\nongn\source\repos\newsfml\sfml_104\x64\debug\collider.obj
c:\users\nongn\source\repos\newsfml\sfml_104\x64\debug\bulletenemy.obj
c:\users\nongn\source\repos\newsfml\sfml_104\x64\debug\bullet.obj
c:\users\nongn\source\repos\newsfml\sfml_104\x64\debug\animation.obj
c:\users\nongn\source\repos\newsfml\sfml_104\x64\debug\highscore.obj
c:\users\nongn\source\repos\newsfml\x64\debug\sfml_104.exe
c:\users\nongn\source\repos\newsfml\x64\debug\sfml_104.ilk
c:\users\nongn\source\repos\newsfml\x64\debug\sfml_104.pdb
c:\users\nongn\source\repos\newsfml\sfml_104\x64\debug\bulletp.obj
c:\users\nongn\source\repos\newsfml\sfml_104\x64\debug\sfml_104.tlog\cl.command.1.tlog
c:\users\nongn\source\repos\newsfml\sfml_104\x64\debug\sfml_104.tlog\cl.read.1.tlog
c:\users\nongn\source\repos\newsfml\sfml_104\x64\debug\sfml_104.tlog\cl.write.1.tlog
c:\users\nongn\source\repos\newsfml\sfml_104\x64\debug\sfml_104.tlog\link.command.1.tlog
c:\users\nongn\source\repos\newsfml\sfml_104\x64\debug\sfml_104.tlog\link.read.1.tlog
c:\users\nongn\source\repos\newsfml\sfml_104\x64\debug\sfml_104.tlog\link.write.1.tlog
